<?xml version="1.0" encoding="UTF-8"?>
<!-- Generated by org.testng.reporters.JUnitXMLReporter -->
<testsuite ignored="2" hostname="DESKTOP-O3CNH6A" failures="0" tests="2" name="Test" time="9.403" errors="0" timestamp="2022-09-19T21:50:28 IST">
  <testcase classname="com.TestClass.TestCaseNo1_Login" name="login" time="4.266"/>
  <testcase classname="com.TestClass.TestCaseNo_2" name="testcase_2" time="0.005"/>
  <testcase classname="com.BaseClass.BaseClass" name="@BeforeTest BrowserSet" time="0.0">
    <ignored/>
  </testcase> <!-- @BeforeTest BrowserSet -->
  <testcase classname="com.BaseClass.BaseClass" name="@AfterTest BrowserClose" time="0.0">
    <ignored/>
  </testcase> <!-- @AfterTest BrowserClose -->
</testsuite> <!-- Test -->
